  Day21.cpp
C:\Users\Luke\Documents\Studio\advent-of-code\2023\Day21.cpp(14,21): warning C4267: 'initializing': conversion from 'size_t' to 'int', possible loss of data
C:\Users\Luke\Documents\Studio\advent-of-code\2023\Day21.cpp(14,53): warning C4267: 'initializing': conversion from 'size_t' to 'int', possible loss of data
C:\Users\Luke\Documents\Studio\advent-of-code\2023\Day21.cpp(37,21): warning C4267: 'return': conversion from 'size_t' to 'int', possible loss of data
C:\Users\Luke\Documents\Studio\advent-of-code\2023\Day21.cpp(47,21): warning C4267: 'initializing': conversion from 'size_t' to 'int', possible loss of data
C:\Users\Luke\Documents\Studio\advent-of-code\2023\Day21.cpp(47,57): warning C4267: 'initializing': conversion from 'size_t' to 'int', possible loss of data
C:\Users\Luke\Documents\Studio\advent-of-code\2023\Day21.cpp(60,33): warning C4267: 'argument': conversion from 'size_t' to '_Ty', possible loss of data
C:\Users\Luke\Documents\Studio\advent-of-code\2023\Day21.cpp(60,33): warning C4267:         with
C:\Users\Luke\Documents\Studio\advent-of-code\2023\Day21.cpp(60,33): warning C4267:         [
C:\Users\Luke\Documents\Studio\advent-of-code\2023\Day21.cpp(60,33): warning C4267:             _Ty=int
C:\Users\Luke\Documents\Studio\advent-of-code\2023\Day21.cpp(60,33): warning C4267:         ]
C:\Users\Luke\Documents\Studio\advent-of-code\2023\Day21.cpp(79,32): warning C4267: 'argument': conversion from 'size_t' to '_Ty', possible loss of data
C:\Users\Luke\Documents\Studio\advent-of-code\2023\Day21.cpp(79,32): warning C4267:         with
C:\Users\Luke\Documents\Studio\advent-of-code\2023\Day21.cpp(79,32): warning C4267:         [
C:\Users\Luke\Documents\Studio\advent-of-code\2023\Day21.cpp(79,32): warning C4267:             _Ty=int
C:\Users\Luke\Documents\Studio\advent-of-code\2023\Day21.cpp(79,32): warning C4267:         ]
  main.cpp
  Generating code
  3 of 495 functions ( 0.6%) were compiled, the rest were copied from previous compilation.
    1 functions were new in current compilation
    1 functions had inline decision re-evaluated but remain unchanged
  Finished generating code
  2023.vcxproj -> C:\Users\Luke\Documents\Studio\advent-of-code\2023\x64\Release\2023.exe
